[0.075s] Invoking command in '/home/luke/tmp/simplemap/build/simplemap': CMAKE_PREFIX_PATH=/opt/ros/humble WSLENV=ELECTRON_RUN_AS_NODE/w:WT_SESSION:WT_PROFILE_ID: /usr/bin/cmake --build /home/luke/tmp/simplemap/build/simplemap -- -j12 -l12
[0.102s] -- Found ament_cmake: 1.3.7 (/opt/ros/humble/share/ament_cmake/cmake)
[0.299s] -- Found rclcpp: 16.0.8 (/opt/ros/humble/share/rclcpp/cmake)
[0.612s] -- Found rosidl_generator_c: 3.1.5 (/opt/ros/humble/share/rosidl_generator_c/cmake)
[0.615s] -- Found rosidl_adapter: 3.1.5 (/opt/ros/humble/share/rosidl_adapter/cmake)
[0.624s] -- Found rosidl_generator_cpp: 3.1.5 (/opt/ros/humble/share/rosidl_generator_cpp/cmake)
[0.640s] -- Using all available rosidl_typesupport_c: rosidl_typesupport_fastrtps_c;rosidl_typesupport_introspection_c
[0.660s] -- Using all available rosidl_typesupport_cpp: rosidl_typesupport_fastrtps_cpp;rosidl_typesupport_introspection_cpp
[0.740s] -- Found rmw_implementation_cmake: 6.1.1 (/opt/ros/humble/share/rmw_implementation_cmake/cmake)
[0.742s] -- Found rmw_fastrtps_cpp: 6.2.6 (/opt/ros/humble/share/rmw_fastrtps_cpp/cmake)
[11.276s] -- Using RMW implementation 'rmw_fastrtps_cpp' as default
[11.499s] -- Found nav_msgs: 4.2.3 (/opt/ros/humble/share/nav_msgs/cmake)
[11.675s] -- Found ament_lint_auto: 0.12.10 (/opt/ros/humble/share/ament_lint_auto/cmake)
[11.774s] -- Added test 'cppcheck' to perform static code analysis on C / C++ code
[11.774s] -- Configured cppcheck include dirs: 
[11.774s] -- Configured cppcheck exclude dirs and/or files: 
[11.778s] -- Added test 'flake8' to check Python code syntax and style conventions
[11.781s] -- Added test 'lint_cmake' to check CMake code style
[11.784s] -- Added test 'pep257' to check Python code against some of the docstring style conventions in PEP 257
[11.798s] -- Added test 'uncrustify' to check C / C++ code style
[11.798s] -- Configured uncrustify additional arguments: 
[11.800s] -- Added test 'xmllint' to check XML markup files
[11.801s] -- Configuring done
[11.816s] -- Generating done
[11.818s] -- Build files have been written to: /home/luke/tmp/simplemap/build/simplemap
[11.858s] [ 50%] [32mBuilding CXX object CMakeFiles/simple_map_node.dir/src/simple_map_node.cpp.o[0m
[12.292s] [01m[K/home/luke/tmp/simplemap/src/simple_map_node.cpp:6:10:[m[K [01;31m[Kfatal error: [m[Knlohmann/json.hpp: No such file or directory
[12.292s]     6 | #include [01;31m[K<nlohmann/json.hpp>[m[K
[12.292s]       |          [01;31m[K^~~~~~~~~~~~~~~~~~~[m[K
[12.292s] compilation terminated.
[12.295s] gmake[2]: *** [CMakeFiles/simple_map_node.dir/build.make:76: CMakeFiles/simple_map_node.dir/src/simple_map_node.cpp.o] Error 1
[12.295s] gmake[1]: *** [CMakeFiles/Makefile2:137: CMakeFiles/simple_map_node.dir/all] Error 2
[12.296s] gmake: *** [Makefile:146: all] Error 2
[12.298s] Invoked command in '/home/luke/tmp/simplemap/build/simplemap' returned '2': CMAKE_PREFIX_PATH=/opt/ros/humble WSLENV=ELECTRON_RUN_AS_NODE/w:WT_SESSION:WT_PROFILE_ID: /usr/bin/cmake --build /home/luke/tmp/simplemap/build/simplemap -- -j12 -l12
