[0.070s] Invoking command in '/home/luke/tmp/simplemap/build/simplemap': CMAKE_PREFIX_PATH=/opt/ros/humble WSLENV=ELECTRON_RUN_AS_NODE/w:WT_SESSION:WT_PROFILE_ID: /usr/bin/cmake /home/luke/tmp/simplemap -DCMAKE_INSTALL_PREFIX=/home/luke/tmp/simplemap/install/simplemap
[0.508s] -- The C compiler identification is GNU 11.4.0
[1.529s] -- The CXX compiler identification is GNU 11.4.0
[2.267s] -- Detecting C compiler ABI info
[2.583s] -- Detecting C compiler ABI info - done
[2.594s] -- Check for working C compiler: /usr/bin/cc - skipped
[2.595s] -- Detecting C compile features
[2.596s] -- Detecting C compile features - done
[2.603s] -- Detecting CXX compiler ABI info
[2.873s] -- Detecting CXX compiler ABI info - done
[2.882s] -- Check for working CXX compiler: /usr/bin/c++ - skipped
[2.882s] -- Detecting CXX compile features
[2.883s] -- Detecting CXX compile features - done
[2.893s] -- Found ament_cmake: 1.3.7 (/opt/ros/humble/share/ament_cmake/cmake)
[3.113s] -- Found Python3: /usr/bin/python3.10 (found version "3.10.12") found components: Interpreter 
[3.238s] -- Found ament_lint_auto: 0.12.10 (/opt/ros/humble/share/ament_lint_auto/cmake)
[3.358s] -- Added test 'cppcheck' to perform static code analysis on C / C++ code
[3.358s] -- Configured cppcheck include dirs: 
[3.358s] -- Configured cppcheck exclude dirs and/or files: 
[3.363s] -- Added test 'lint_cmake' to check CMake code style
[3.375s] -- Added test 'uncrustify' to check C / C++ code style
[3.375s] -- Configured uncrustify additional arguments: 
[3.377s] -- Added test 'xmllint' to check XML markup files
[3.380s] -- Configuring done
[3.388s] -- Generating done
[3.391s] -- Build files have been written to: /home/luke/tmp/simplemap/build/simplemap
[3.397s] Invoked command in '/home/luke/tmp/simplemap/build/simplemap' returned '0': CMAKE_PREFIX_PATH=/opt/ros/humble WSLENV=ELECTRON_RUN_AS_NODE/w:WT_SESSION:WT_PROFILE_ID: /usr/bin/cmake /home/luke/tmp/simplemap -DCMAKE_INSTALL_PREFIX=/home/luke/tmp/simplemap/install/simplemap
[3.400s] Invoking command in '/home/luke/tmp/simplemap/build/simplemap': CMAKE_PREFIX_PATH=/opt/ros/humble WSLENV=ELECTRON_RUN_AS_NODE/w:WT_SESSION:WT_PROFILE_ID: /usr/bin/cmake --build /home/luke/tmp/simplemap/build/simplemap -- -j12 -l12
[3.447s] Invoked command in '/home/luke/tmp/simplemap/build/simplemap' returned '0': CMAKE_PREFIX_PATH=/opt/ros/humble WSLENV=ELECTRON_RUN_AS_NODE/w:WT_SESSION:WT_PROFILE_ID: /usr/bin/cmake --build /home/luke/tmp/simplemap/build/simplemap -- -j12 -l12
[3.487s] Invoking command in '/home/luke/tmp/simplemap/build/simplemap': CMAKE_PREFIX_PATH=/opt/ros/humble WSLENV=ELECTRON_RUN_AS_NODE/w:WT_SESSION:WT_PROFILE_ID: /usr/bin/cmake --install /home/luke/tmp/simplemap/build/simplemap
[3.495s] -- Install configuration: ""
[3.496s] -- Installing: /home/luke/tmp/simplemap/install/simplemap/share/ament_index/resource_index/package_run_dependencies/simplemap
[3.497s] -- Installing: /home/luke/tmp/simplemap/install/simplemap/share/ament_index/resource_index/parent_prefix_path/simplemap
[3.497s] -- Installing: /home/luke/tmp/simplemap/install/simplemap/share/simplemap/environment/ament_prefix_path.sh
[3.498s] -- Installing: /home/luke/tmp/simplemap/install/simplemap/share/simplemap/environment/ament_prefix_path.dsv
[3.498s] -- Installing: /home/luke/tmp/simplemap/install/simplemap/share/simplemap/environment/path.sh
[3.498s] -- Installing: /home/luke/tmp/simplemap/install/simplemap/share/simplemap/environment/path.dsv
[3.499s] -- Installing: /home/luke/tmp/simplemap/install/simplemap/share/simplemap/local_setup.bash
[3.499s] -- Installing: /home/luke/tmp/simplemap/install/simplemap/share/simplemap/local_setup.sh
[3.499s] -- Installing: /home/luke/tmp/simplemap/install/simplemap/share/simplemap/local_setup.zsh
[3.499s] -- Installing: /home/luke/tmp/simplemap/install/simplemap/share/simplemap/local_setup.dsv
[3.500s] -- Installing: /home/luke/tmp/simplemap/install/simplemap/share/simplemap/package.dsv
[3.501s] -- Installing: /home/luke/tmp/simplemap/install/simplemap/share/ament_index/resource_index/packages/simplemap
[3.502s] -- Installing: /home/luke/tmp/simplemap/install/simplemap/share/simplemap/cmake/simplemapConfig.cmake
[3.502s] -- Installing: /home/luke/tmp/simplemap/install/simplemap/share/simplemap/cmake/simplemapConfig-version.cmake
[3.502s] -- Installing: /home/luke/tmp/simplemap/install/simplemap/share/simplemap/package.xml
[3.507s] Invoked command in '/home/luke/tmp/simplemap/build/simplemap' returned '0': CMAKE_PREFIX_PATH=/opt/ros/humble WSLENV=ELECTRON_RUN_AS_NODE/w:WT_SESSION:WT_PROFILE_ID: /usr/bin/cmake --install /home/luke/tmp/simplemap/build/simplemap
