[0.000000] (-) TimerEvent: {}
[0.000401] (simplemap) JobQueued: {'identifier': 'simplemap', 'dependencies': OrderedDict()}
[0.000528] (simplemap) JobStarted: {'identifier': 'simplemap'}
[0.068478] (simplemap) JobProgress: {'identifier': 'simplemap', 'progress': 'cmake'}
[0.069161] (simplemap) Command: {'cmd': ['/usr/bin/cmake', '/home/luke/tmp/simplemap', '-DCMAKE_INSTALL_PREFIX=/home/luke/tmp/simplemap/install/simplemap'], 'cwd': '/home/luke/tmp/simplemap/build/simplemap', 'env': OrderedDict([('USER', 'luke'), ('GIT_ASKPASS', '/home/luke/.vscode-server/bin/0ee08df0cf4527e40edc9aa28f4b5bd38bbff2b2/extensions/git/dist/askpass.sh'), ('SHLVL', '2'), ('LD_LIBRARY_PATH', '/opt/ros/humble/opt/rviz_ogre_vendor/lib:/opt/ros/humble/lib/x86_64-linux-gnu:/opt/ros/humble/lib'), ('WT_PROFILE_ID', '{51855cb2-8cce-5362-8f54-464b92b32386}'), ('MOTD_SHOWN', 'update-motd'), ('HOME', '/home/luke'), ('TERM_PROGRAM_VERSION', '1.85.1'), ('VSCODE_IPC_HOOK_CLI', '/run/user/1000/vscode-ipc-c6c63665-d0f5-4158-ab4a-6a93a2313b13.sock'), ('ROS_PYTHON_VERSION', '3'), ('VSCODE_GIT_ASKPASS_MAIN', '/home/luke/.vscode-server/bin/0ee08df0cf4527e40edc9aa28f4b5bd38bbff2b2/extensions/git/dist/askpass-main.js'), ('VSCODE_GIT_ASKPASS_NODE', '/home/luke/.vscode-server/bin/0ee08df0cf4527e40edc9aa28f4b5bd38bbff2b2/node'), ('DBUS_SESSION_BUS_ADDRESS', 'unix:path=/run/user/1000/bus'), ('COLORTERM', 'truecolor'), ('WSL_DISTRO_NAME', 'Ubuntu'), ('WAYLAND_DISPLAY', 'wayland-0'), ('ROS_DISTRO', 'humble'), ('LOGNAME', 'luke'), ('NAME', 'Code'), ('WSL_INTEROP', '/run/WSL/21257_interop'), ('PULSE_SERVER', 'unix:/mnt/wslg/PulseServer'), ('_', '/usr/bin/colcon'), ('ROS_VERSION', '2'), ('TERM', 'xterm-256color'), ('ROS_LOCALHOST_ONLY', '0'), ('PATH', '/home/luke/.vscode-server/bin/0ee08df0cf4527e40edc9aa28f4b5bd38bbff2b2/bin/remote-cli:/home/luke/.local/bin:/opt/ros/humble/bin:/usr/local/sbin:/usr/local/bin:/usr/sbin:/usr/bin:/sbin:/bin:/usr/games:/usr/local/games:/usr/lib/wsl/lib:/mnt/c/Program Files/NVIDIA GPU Computing Toolkit/CUDA/v12.2/bin:/mnt/c/Program Files/NVIDIA GPU Computing Toolkit/CUDA/v12.2/libnvvp:/mnt/c/Windows/system32:/mnt/c/Windows:/mnt/c/Windows/System32/Wbem:/mnt/c/Windows/System32/WindowsPowerShell/v1.0/:/mnt/c/Windows/System32/OpenSSH/:/mnt/c/Program Files/dotnet/:/mnt/c/Program Files (x86)/NVIDIA Corporation/PhysX/Common:/mnt/c/Program Files/NVIDIA Corporation/NVIDIA NvDLISR:/mnt/c/WINDOWS/system32:/mnt/c/WINDOWS:/mnt/c/WINDOWS/System32/Wbem:/mnt/c/WINDOWS/System32/WindowsPowerShell/v1.0/:/mnt/c/WINDOWS/System32/OpenSSH/:/mnt/c/Program Files/Git/cmd:/mnt/c/Program Files/Microsoft SQL Server/150/Tools/Binn/:/mnt/c/Program Files/Microsoft SQL Server/Client SDK/ODBC/170/Tools/Binn/:/mnt/c/Program Files/Docker/Docker/resources/bin:/mnt/c/Program Files/NVIDIA Corporation/Nsight Compute 2023.2.2/:/mnt/c/Users/lmnew/.cargo/bin:/mnt/c/Users/lmnew/AppData/Local/Microsoft/WindowsApps:/mnt/c/Users/lmnew/AppData/Local/Programs/Microsoft VS Code/bin:/mnt/c/Espressif/tools/xtensa-esp32-elf-clang/esp-14.0.0-20220415-x86_64-pc-windows-msvc/bin/:/mnt/c/Users/lmnew/AppData/Local/Programs/jaguar:/mnt/c/Users/lmnew/.dotnet/tools:/snap/bin'), ('WT_SESSION', '3347ec39-a4d2-4b9c-b1f9-c4b65e629808'), ('XDG_RUNTIME_DIR', '/run/user/1000/'), ('DISPLAY', ':0'), ('LANG', 'en_US.UTF-8'), ('VSCODE_GIT_IPC_HANDLE', '/run/user/1000/vscode-git-5e47345b95.sock'), ('TERM_PROGRAM', 'vscode'), ('AMENT_PREFIX_PATH', '/opt/ros/humble'), ('SHELL', '/bin/bash'), ('VSCODE_GIT_ASKPASS_EXTRA_ARGS', ''), ('PWD', '/home/luke/tmp/simplemap/build/simplemap'), ('XDG_DATA_DIRS', '/usr/local/share:/usr/share:/var/lib/snapd/desktop'), ('PYTHONPATH', '/opt/ros/humble/lib/python3.10/site-packages:/opt/ros/humble/local/lib/python3.10/dist-packages'), ('COLCON', '1'), ('WSL2_GUI_APPS_ENABLED', '1'), ('HOSTTYPE', 'x86_64'), ('WSLENV', 'ELECTRON_RUN_AS_NODE/w:WT_SESSION:WT_PROFILE_ID:'), ('CMAKE_PREFIX_PATH', '/opt/ros/humble')]), 'shell': False}
[0.098877] (-) TimerEvent: {}
[0.199310] (-) TimerEvent: {}
[0.299925] (-) TimerEvent: {}
[0.400437] (-) TimerEvent: {}
[0.501211] (-) TimerEvent: {}
[0.508602] (simplemap) StdoutLine: {'line': b'-- The C compiler identification is GNU 11.4.0\n'}
[0.601393] (-) TimerEvent: {}
[0.701854] (-) TimerEvent: {}
[0.802288] (-) TimerEvent: {}
[0.902747] (-) TimerEvent: {}
[1.003235] (-) TimerEvent: {}
[1.103720] (-) TimerEvent: {}
[1.204269] (-) TimerEvent: {}
[1.304911] (-) TimerEvent: {}
[1.405396] (-) TimerEvent: {}
[1.505861] (-) TimerEvent: {}
[1.529672] (simplemap) StdoutLine: {'line': b'-- The CXX compiler identification is GNU 11.4.0\n'}
[1.606060] (-) TimerEvent: {}
[1.706475] (-) TimerEvent: {}
[1.806975] (-) TimerEvent: {}
[1.907362] (-) TimerEvent: {}
[2.007832] (-) TimerEvent: {}
[2.108267] (-) TimerEvent: {}
[2.208751] (-) TimerEvent: {}
[2.267316] (simplemap) StdoutLine: {'line': b'-- Detecting C compiler ABI info\n'}
[2.308898] (-) TimerEvent: {}
[2.409441] (-) TimerEvent: {}
[2.510105] (-) TimerEvent: {}
[2.583656] (simplemap) StdoutLine: {'line': b'-- Detecting C compiler ABI info - done\n'}
[2.594468] (simplemap) StdoutLine: {'line': b'-- Check for working C compiler: /usr/bin/cc - skipped\n'}
[2.595162] (simplemap) StdoutLine: {'line': b'-- Detecting C compile features\n'}
[2.596600] (simplemap) StdoutLine: {'line': b'-- Detecting C compile features - done\n'}
[2.603358] (simplemap) StdoutLine: {'line': b'-- Detecting CXX compiler ABI info\n'}
[2.610271] (-) TimerEvent: {}
[2.710678] (-) TimerEvent: {}
[2.811162] (-) TimerEvent: {}
[2.872946] (simplemap) StdoutLine: {'line': b'-- Detecting CXX compiler ABI info - done\n'}
[2.882334] (simplemap) StdoutLine: {'line': b'-- Check for working CXX compiler: /usr/bin/c++ - skipped\n'}
[2.882672] (simplemap) StdoutLine: {'line': b'-- Detecting CXX compile features\n'}
[2.883378] (simplemap) StdoutLine: {'line': b'-- Detecting CXX compile features - done\n'}
[2.893687] (simplemap) StdoutLine: {'line': b'-- Found ament_cmake: 1.3.7 (/opt/ros/humble/share/ament_cmake/cmake)\n'}
[2.911335] (-) TimerEvent: {}
[3.011749] (-) TimerEvent: {}
[3.112224] (-) TimerEvent: {}
[3.113506] (simplemap) StdoutLine: {'line': b'-- Found Python3: /usr/bin/python3.10 (found version "3.10.12") found components: Interpreter \n'}
[3.212350] (-) TimerEvent: {}
[3.238838] (simplemap) StdoutLine: {'line': b'-- Found ament_lint_auto: 0.12.10 (/opt/ros/humble/share/ament_lint_auto/cmake)\n'}
[3.312538] (-) TimerEvent: {}
[3.358624] (simplemap) StdoutLine: {'line': b"-- Added test 'cppcheck' to perform static code analysis on C / C++ code\n"}
[3.358875] (simplemap) StdoutLine: {'line': b'-- Configured cppcheck include dirs: \n'}
[3.358967] (simplemap) StdoutLine: {'line': b'-- Configured cppcheck exclude dirs and/or files: \n'}
[3.362986] (simplemap) StdoutLine: {'line': b"-- Added test 'lint_cmake' to check CMake code style\n"}
[3.375095] (simplemap) StdoutLine: {'line': b"-- Added test 'uncrustify' to check C / C++ code style\n"}
[3.375348] (simplemap) StdoutLine: {'line': b'-- Configured uncrustify additional arguments: \n'}
[3.377412] (simplemap) StdoutLine: {'line': b"-- Added test 'xmllint' to check XML markup files\n"}
[3.379998] (simplemap) StdoutLine: {'line': b'-- Configuring done\n'}
[3.388648] (simplemap) StdoutLine: {'line': b'-- Generating done\n'}
[3.391131] (simplemap) StdoutLine: {'line': b'-- Build files have been written to: /home/luke/tmp/simplemap/build/simplemap\n'}
[3.396795] (simplemap) CommandEnded: {'returncode': 0}
[3.397590] (simplemap) JobProgress: {'identifier': 'simplemap', 'progress': 'build'}
[3.399774] (simplemap) Command: {'cmd': ['/usr/bin/cmake', '--build', '/home/luke/tmp/simplemap/build/simplemap', '--', '-j12', '-l12'], 'cwd': '/home/luke/tmp/simplemap/build/simplemap', 'env': OrderedDict([('USER', 'luke'), ('GIT_ASKPASS', '/home/luke/.vscode-server/bin/0ee08df0cf4527e40edc9aa28f4b5bd38bbff2b2/extensions/git/dist/askpass.sh'), ('SHLVL', '2'), ('LD_LIBRARY_PATH', '/opt/ros/humble/opt/rviz_ogre_vendor/lib:/opt/ros/humble/lib/x86_64-linux-gnu:/opt/ros/humble/lib'), ('WT_PROFILE_ID', '{51855cb2-8cce-5362-8f54-464b92b32386}'), ('MOTD_SHOWN', 'update-motd'), ('HOME', '/home/luke'), ('TERM_PROGRAM_VERSION', '1.85.1'), ('VSCODE_IPC_HOOK_CLI', '/run/user/1000/vscode-ipc-c6c63665-d0f5-4158-ab4a-6a93a2313b13.sock'), ('ROS_PYTHON_VERSION', '3'), ('VSCODE_GIT_ASKPASS_MAIN', '/home/luke/.vscode-server/bin/0ee08df0cf4527e40edc9aa28f4b5bd38bbff2b2/extensions/git/dist/askpass-main.js'), ('VSCODE_GIT_ASKPASS_NODE', '/home/luke/.vscode-server/bin/0ee08df0cf4527e40edc9aa28f4b5bd38bbff2b2/node'), ('DBUS_SESSION_BUS_ADDRESS', 'unix:path=/run/user/1000/bus'), ('COLORTERM', 'truecolor'), ('WSL_DISTRO_NAME', 'Ubuntu'), ('WAYLAND_DISPLAY', 'wayland-0'), ('ROS_DISTRO', 'humble'), ('LOGNAME', 'luke'), ('NAME', 'Code'), ('WSL_INTEROP', '/run/WSL/21257_interop'), ('PULSE_SERVER', 'unix:/mnt/wslg/PulseServer'), ('_', '/usr/bin/colcon'), ('ROS_VERSION', '2'), ('TERM', 'xterm-256color'), ('ROS_LOCALHOST_ONLY', '0'), ('PATH', '/home/luke/.vscode-server/bin/0ee08df0cf4527e40edc9aa28f4b5bd38bbff2b2/bin/remote-cli:/home/luke/.local/bin:/opt/ros/humble/bin:/usr/local/sbin:/usr/local/bin:/usr/sbin:/usr/bin:/sbin:/bin:/usr/games:/usr/local/games:/usr/lib/wsl/lib:/mnt/c/Program Files/NVIDIA GPU Computing Toolkit/CUDA/v12.2/bin:/mnt/c/Program Files/NVIDIA GPU Computing Toolkit/CUDA/v12.2/libnvvp:/mnt/c/Windows/system32:/mnt/c/Windows:/mnt/c/Windows/System32/Wbem:/mnt/c/Windows/System32/WindowsPowerShell/v1.0/:/mnt/c/Windows/System32/OpenSSH/:/mnt/c/Program Files/dotnet/:/mnt/c/Program Files (x86)/NVIDIA Corporation/PhysX/Common:/mnt/c/Program Files/NVIDIA Corporation/NVIDIA NvDLISR:/mnt/c/WINDOWS/system32:/mnt/c/WINDOWS:/mnt/c/WINDOWS/System32/Wbem:/mnt/c/WINDOWS/System32/WindowsPowerShell/v1.0/:/mnt/c/WINDOWS/System32/OpenSSH/:/mnt/c/Program Files/Git/cmd:/mnt/c/Program Files/Microsoft SQL Server/150/Tools/Binn/:/mnt/c/Program Files/Microsoft SQL Server/Client SDK/ODBC/170/Tools/Binn/:/mnt/c/Program Files/Docker/Docker/resources/bin:/mnt/c/Program Files/NVIDIA Corporation/Nsight Compute 2023.2.2/:/mnt/c/Users/lmnew/.cargo/bin:/mnt/c/Users/lmnew/AppData/Local/Microsoft/WindowsApps:/mnt/c/Users/lmnew/AppData/Local/Programs/Microsoft VS Code/bin:/mnt/c/Espressif/tools/xtensa-esp32-elf-clang/esp-14.0.0-20220415-x86_64-pc-windows-msvc/bin/:/mnt/c/Users/lmnew/AppData/Local/Programs/jaguar:/mnt/c/Users/lmnew/.dotnet/tools:/snap/bin'), ('WT_SESSION', '3347ec39-a4d2-4b9c-b1f9-c4b65e629808'), ('XDG_RUNTIME_DIR', '/run/user/1000/'), ('DISPLAY', ':0'), ('LANG', 'en_US.UTF-8'), ('VSCODE_GIT_IPC_HANDLE', '/run/user/1000/vscode-git-5e47345b95.sock'), ('TERM_PROGRAM', 'vscode'), ('AMENT_PREFIX_PATH', '/opt/ros/humble'), ('SHELL', '/bin/bash'), ('VSCODE_GIT_ASKPASS_EXTRA_ARGS', ''), ('PWD', '/home/luke/tmp/simplemap/build/simplemap'), ('XDG_DATA_DIRS', '/usr/local/share:/usr/share:/var/lib/snapd/desktop'), ('PYTHONPATH', '/opt/ros/humble/lib/python3.10/site-packages:/opt/ros/humble/local/lib/python3.10/dist-packages'), ('COLCON', '1'), ('WSL2_GUI_APPS_ENABLED', '1'), ('HOSTTYPE', 'x86_64'), ('WSLENV', 'ELECTRON_RUN_AS_NODE/w:WT_SESSION:WT_PROFILE_ID:'), ('CMAKE_PREFIX_PATH', '/opt/ros/humble')]), 'shell': False}
[3.412735] (-) TimerEvent: {}
[3.446930] (simplemap) CommandEnded: {'returncode': 0}
[3.476057] (simplemap) JobProgress: {'identifier': 'simplemap', 'progress': 'install'}
[3.487117] (simplemap) Command: {'cmd': ['/usr/bin/cmake', '--install', '/home/luke/tmp/simplemap/build/simplemap'], 'cwd': '/home/luke/tmp/simplemap/build/simplemap', 'env': OrderedDict([('USER', 'luke'), ('GIT_ASKPASS', '/home/luke/.vscode-server/bin/0ee08df0cf4527e40edc9aa28f4b5bd38bbff2b2/extensions/git/dist/askpass.sh'), ('SHLVL', '2'), ('LD_LIBRARY_PATH', '/opt/ros/humble/opt/rviz_ogre_vendor/lib:/opt/ros/humble/lib/x86_64-linux-gnu:/opt/ros/humble/lib'), ('WT_PROFILE_ID', '{51855cb2-8cce-5362-8f54-464b92b32386}'), ('MOTD_SHOWN', 'update-motd'), ('HOME', '/home/luke'), ('TERM_PROGRAM_VERSION', '1.85.1'), ('VSCODE_IPC_HOOK_CLI', '/run/user/1000/vscode-ipc-c6c63665-d0f5-4158-ab4a-6a93a2313b13.sock'), ('ROS_PYTHON_VERSION', '3'), ('VSCODE_GIT_ASKPASS_MAIN', '/home/luke/.vscode-server/bin/0ee08df0cf4527e40edc9aa28f4b5bd38bbff2b2/extensions/git/dist/askpass-main.js'), ('VSCODE_GIT_ASKPASS_NODE', '/home/luke/.vscode-server/bin/0ee08df0cf4527e40edc9aa28f4b5bd38bbff2b2/node'), ('DBUS_SESSION_BUS_ADDRESS', 'unix:path=/run/user/1000/bus'), ('COLORTERM', 'truecolor'), ('WSL_DISTRO_NAME', 'Ubuntu'), ('WAYLAND_DISPLAY', 'wayland-0'), ('ROS_DISTRO', 'humble'), ('LOGNAME', 'luke'), ('NAME', 'Code'), ('WSL_INTEROP', '/run/WSL/21257_interop'), ('PULSE_SERVER', 'unix:/mnt/wslg/PulseServer'), ('_', '/usr/bin/colcon'), ('ROS_VERSION', '2'), ('TERM', 'xterm-256color'), ('ROS_LOCALHOST_ONLY', '0'), ('PATH', '/home/luke/.vscode-server/bin/0ee08df0cf4527e40edc9aa28f4b5bd38bbff2b2/bin/remote-cli:/home/luke/.local/bin:/opt/ros/humble/bin:/usr/local/sbin:/usr/local/bin:/usr/sbin:/usr/bin:/sbin:/bin:/usr/games:/usr/local/games:/usr/lib/wsl/lib:/mnt/c/Program Files/NVIDIA GPU Computing Toolkit/CUDA/v12.2/bin:/mnt/c/Program Files/NVIDIA GPU Computing Toolkit/CUDA/v12.2/libnvvp:/mnt/c/Windows/system32:/mnt/c/Windows:/mnt/c/Windows/System32/Wbem:/mnt/c/Windows/System32/WindowsPowerShell/v1.0/:/mnt/c/Windows/System32/OpenSSH/:/mnt/c/Program Files/dotnet/:/mnt/c/Program Files (x86)/NVIDIA Corporation/PhysX/Common:/mnt/c/Program Files/NVIDIA Corporation/NVIDIA NvDLISR:/mnt/c/WINDOWS/system32:/mnt/c/WINDOWS:/mnt/c/WINDOWS/System32/Wbem:/mnt/c/WINDOWS/System32/WindowsPowerShell/v1.0/:/mnt/c/WINDOWS/System32/OpenSSH/:/mnt/c/Program Files/Git/cmd:/mnt/c/Program Files/Microsoft SQL Server/150/Tools/Binn/:/mnt/c/Program Files/Microsoft SQL Server/Client SDK/ODBC/170/Tools/Binn/:/mnt/c/Program Files/Docker/Docker/resources/bin:/mnt/c/Program Files/NVIDIA Corporation/Nsight Compute 2023.2.2/:/mnt/c/Users/lmnew/.cargo/bin:/mnt/c/Users/lmnew/AppData/Local/Microsoft/WindowsApps:/mnt/c/Users/lmnew/AppData/Local/Programs/Microsoft VS Code/bin:/mnt/c/Espressif/tools/xtensa-esp32-elf-clang/esp-14.0.0-20220415-x86_64-pc-windows-msvc/bin/:/mnt/c/Users/lmnew/AppData/Local/Programs/jaguar:/mnt/c/Users/lmnew/.dotnet/tools:/snap/bin'), ('WT_SESSION', '3347ec39-a4d2-4b9c-b1f9-c4b65e629808'), ('XDG_RUNTIME_DIR', '/run/user/1000/'), ('DISPLAY', ':0'), ('LANG', 'en_US.UTF-8'), ('VSCODE_GIT_IPC_HANDLE', '/run/user/1000/vscode-git-5e47345b95.sock'), ('TERM_PROGRAM', 'vscode'), ('AMENT_PREFIX_PATH', '/opt/ros/humble'), ('SHELL', '/bin/bash'), ('VSCODE_GIT_ASKPASS_EXTRA_ARGS', ''), ('PWD', '/home/luke/tmp/simplemap/build/simplemap'), ('XDG_DATA_DIRS', '/usr/local/share:/usr/share:/var/lib/snapd/desktop'), ('PYTHONPATH', '/opt/ros/humble/lib/python3.10/site-packages:/opt/ros/humble/local/lib/python3.10/dist-packages'), ('COLCON', '1'), ('WSL2_GUI_APPS_ENABLED', '1'), ('HOSTTYPE', 'x86_64'), ('WSLENV', 'ELECTRON_RUN_AS_NODE/w:WT_SESSION:WT_PROFILE_ID:'), ('CMAKE_PREFIX_PATH', '/opt/ros/humble')]), 'shell': False}
[3.495160] (simplemap) StdoutLine: {'line': b'-- Install configuration: ""\n'}
[3.496672] (simplemap) StdoutLine: {'line': b'-- Installing: /home/luke/tmp/simplemap/install/simplemap/share/ament_index/resource_index/package_run_dependencies/simplemap\n'}
[3.497215] (simplemap) StdoutLine: {'line': b'-- Installing: /home/luke/tmp/simplemap/install/simplemap/share/ament_index/resource_index/parent_prefix_path/simplemap\n'}
[3.497938] (simplemap) StdoutLine: {'line': b'-- Installing: /home/luke/tmp/simplemap/install/simplemap/share/simplemap/environment/ament_prefix_path.sh\n'}
[3.498266] (simplemap) StdoutLine: {'line': b'-- Installing: /home/luke/tmp/simplemap/install/simplemap/share/simplemap/environment/ament_prefix_path.dsv\n'}
[3.498521] (simplemap) StdoutLine: {'line': b'-- Installing: /home/luke/tmp/simplemap/install/simplemap/share/simplemap/environment/path.sh\n'}
[3.498782] (simplemap) StdoutLine: {'line': b'-- Installing: /home/luke/tmp/simplemap/install/simplemap/share/simplemap/environment/path.dsv\n'}
[3.499153] (simplemap) StdoutLine: {'line': b'-- Installing: /home/luke/tmp/simplemap/install/simplemap/share/simplemap/local_setup.bash\n'}
[3.499282] (simplemap) StdoutLine: {'line': b'-- Installing: /home/luke/tmp/simplemap/install/simplemap/share/simplemap/local_setup.sh\n'}
[3.499509] (simplemap) StdoutLine: {'line': b'-- Installing: /home/luke/tmp/simplemap/install/simplemap/share/simplemap/local_setup.zsh\n'}
[3.499820] (simplemap) StdoutLine: {'line': b'-- Installing: /home/luke/tmp/simplemap/install/simplemap/share/simplemap/local_setup.dsv\n'}
[3.500643] (simplemap) StdoutLine: {'line': b'-- Installing: /home/luke/tmp/simplemap/install/simplemap/share/simplemap/package.dsv\n'}
[3.501554] (simplemap) StdoutLine: {'line': b'-- Installing: /home/luke/tmp/simplemap/install/simplemap/share/ament_index/resource_index/packages/simplemap\n'}
[3.502026] (simplemap) StdoutLine: {'line': b'-- Installing: /home/luke/tmp/simplemap/install/simplemap/share/simplemap/cmake/simplemapConfig.cmake\n'}
[3.502286] (simplemap) StdoutLine: {'line': b'-- Installing: /home/luke/tmp/simplemap/install/simplemap/share/simplemap/cmake/simplemapConfig-version.cmake\n'}
[3.502579] (simplemap) StdoutLine: {'line': b'-- Installing: /home/luke/tmp/simplemap/install/simplemap/share/simplemap/package.xml\n'}
[3.507533] (simplemap) CommandEnded: {'returncode': 0}
[3.512885] (-) TimerEvent: {}
[3.613887] (-) TimerEvent: {}
[3.690506] (simplemap) JobEnded: {'identifier': 'simplemap', 'rc': 0}
[3.691778] (-) EventReactorShutdown: {}
