[1.397s] DEBUG:colcon:Command line arguments: ['/usr/bin/colcon', 'build']
[1.398s] DEBUG:colcon:Parsed command line arguments: Namespace(log_base=None, log_level=None, verb_name='build', build_base='build', install_base='install', merge_install=False, symlink_install=False, test_result_base=None, continue_on_error=False, executor='parallel', parallel_workers=12, event_handlers=None, ignore_user_meta=False, metas=['./colcon.meta'], base_paths=['.'], packages_ignore=None, packages_ignore_regex=None, paths=None, packages_up_to=None, packages_up_to_regex=None, packages_above=None, packages_above_and_dependencies=None, packages_above_depth=None, packages_select_by_dep=None, packages_skip_by_dep=None, packages_skip_up_to=None, packages_select_build_failed=False, packages_skip_build_finished=False, packages_select_test_failures=False, packages_skip_test_passed=False, packages_select=None, packages_skip=None, packages_select_regex=None, packages_skip_regex=None, packages_start=None, packages_end=None, allow_overriding=[], cmake_args=None, cmake_target=None, cmake_target_skip_unavailable=False, cmake_clean_cache=False, cmake_clean_first=False, cmake_force_configure=False, ament_cmake_args=None, catkin_cmake_args=None, catkin_skip_building_tests=False, verb_parser=<colcon_defaults.argument_parser.defaults.DefaultArgumentsDecorator object at 0x7fc6bcfce140>, verb_extension=<colcon_core.verb.build.BuildVerb object at 0x7fc6bcfa5810>, main=<bound method BuildVerb.main of <colcon_core.verb.build.BuildVerb object at 0x7fc6bcfa5810>>)
[1.456s] Level 1:colcon.colcon_core.package_discovery:discover_packages(colcon_meta) check parameters
[1.456s] Level 1:colcon.colcon_core.package_discovery:discover_packages(recursive) check parameters
[1.456s] Level 1:colcon.colcon_core.package_discovery:discover_packages(ignore) check parameters
[1.456s] Level 1:colcon.colcon_core.package_discovery:discover_packages(path) check parameters
[1.456s] Level 1:colcon.colcon_core.package_discovery:discover_packages(colcon_meta) discover
[1.456s] Level 1:colcon.colcon_core.package_discovery:discover_packages(recursive) discover
[1.456s] INFO:colcon.colcon_core.package_discovery:Crawling recursively for packages in '/home/luke/tmp/simplemap'
[1.456s] Level 1:colcon.colcon_core.package_identification:_identify(.) by extensions ['ignore', 'ignore_ament_install']
[1.457s] Level 1:colcon.colcon_core.package_identification:_identify(.) by extension 'ignore'
[1.457s] Level 1:colcon.colcon_core.package_identification:_identify(.) by extension 'ignore_ament_install'
[1.457s] Level 1:colcon.colcon_core.package_identification:_identify(.) by extensions ['colcon_pkg']
[1.457s] Level 1:colcon.colcon_core.package_identification:_identify(.) by extension 'colcon_pkg'
[1.457s] Level 1:colcon.colcon_core.package_identification:_identify(.) by extensions ['colcon_meta']
[1.457s] Level 1:colcon.colcon_core.package_identification:_identify(.) by extension 'colcon_meta'
[1.457s] Level 1:colcon.colcon_core.package_identification:_identify(.) by extensions ['ros']
[1.457s] Level 1:colcon.colcon_core.package_identification:_identify(.) by extension 'ros'
[1.476s] DEBUG:colcon.colcon_core.package_identification:Package '.' with type 'ros.ament_cmake' and name 'simplemap'
[1.476s] Level 1:colcon.colcon_core.package_discovery:discover_packages(recursive) using defaults
[1.476s] Level 1:colcon.colcon_core.package_discovery:discover_packages(ignore) discover
[1.476s] Level 1:colcon.colcon_core.package_discovery:discover_packages(ignore) using defaults
[1.476s] Level 1:colcon.colcon_core.package_discovery:discover_packages(path) discover
[1.476s] Level 1:colcon.colcon_core.package_discovery:discover_packages(path) using defaults
[1.590s] Level 1:colcon.colcon_core.package_discovery:discover_packages(prefix_path) check parameters
[1.590s] Level 1:colcon.colcon_core.package_discovery:discover_packages(prefix_path) discover
[1.630s] DEBUG:colcon.colcon_installed_package_information.package_discovery:Found 272 installed packages in /opt/ros/humble
[1.631s] Level 1:colcon.colcon_core.package_discovery:discover_packages(prefix_path) using defaults
[1.745s] Level 5:colcon.colcon_core.verb:set package 'simplemap' build argument 'cmake_args' from command line to 'None'
[1.745s] Level 5:colcon.colcon_core.verb:set package 'simplemap' build argument 'cmake_target' from command line to 'None'
[1.745s] Level 5:colcon.colcon_core.verb:set package 'simplemap' build argument 'cmake_target_skip_unavailable' from command line to 'False'
[1.745s] Level 5:colcon.colcon_core.verb:set package 'simplemap' build argument 'cmake_clean_cache' from command line to 'False'
[1.745s] Level 5:colcon.colcon_core.verb:set package 'simplemap' build argument 'cmake_clean_first' from command line to 'False'
[1.745s] Level 5:colcon.colcon_core.verb:set package 'simplemap' build argument 'cmake_force_configure' from command line to 'False'
[1.745s] Level 5:colcon.colcon_core.verb:set package 'simplemap' build argument 'ament_cmake_args' from command line to 'None'
[1.745s] Level 5:colcon.colcon_core.verb:set package 'simplemap' build argument 'catkin_cmake_args' from command line to 'None'
[1.745s] Level 5:colcon.colcon_core.verb:set package 'simplemap' build argument 'catkin_skip_building_tests' from command line to 'False'
[1.745s] DEBUG:colcon.colcon_core.verb:Building package 'simplemap' with the following arguments: {'ament_cmake_args': None, 'build_base': '/home/luke/tmp/simplemap/build/simplemap', 'catkin_cmake_args': None, 'catkin_skip_building_tests': False, 'cmake_args': None, 'cmake_clean_cache': False, 'cmake_clean_first': False, 'cmake_force_configure': False, 'cmake_target': None, 'cmake_target_skip_unavailable': False, 'install_base': '/home/luke/tmp/simplemap/install/simplemap', 'merge_install': False, 'path': '/home/luke/tmp/simplemap', 'symlink_install': False, 'test_result_base': None}
[1.764s] INFO:colcon.colcon_core.executor:Executing jobs using 'parallel' executor
[1.784s] DEBUG:colcon.colcon_parallel_executor.executor.parallel:run_until_complete
[1.784s] INFO:colcon.colcon_ros.task.ament_cmake.build:Building ROS package in '/home/luke/tmp/simplemap' with build type 'ament_cmake'
[1.785s] INFO:colcon.colcon_cmake.task.cmake.build:Building CMake package in '/home/luke/tmp/simplemap'
[1.807s] INFO:colcon.colcon_core.plugin_system:Skipping extension 'colcon_core.shell.bat': Not used on non-Windows systems
[1.807s] INFO:colcon.colcon_core.shell:Skip shell extension 'powershell' for command environment: Not usable outside of PowerShell
[1.807s] DEBUG:colcon.colcon_core.shell:Skip shell extension 'dsv' for command environment
[1.861s] DEBUG:colcon.colcon_core.event_handler.log_command:Invoking command in '/home/luke/tmp/simplemap/build/simplemap': CMAKE_PREFIX_PATH=/opt/ros/humble WSLENV=ELECTRON_RUN_AS_NODE/w:WT_SESSION:WT_PROFILE_ID: /usr/bin/cmake --build /home/luke/tmp/simplemap/build/simplemap -- -j12 -l12
[14.083s] DEBUG:colcon.colcon_core.event_handler.log_command:Invoked command in '/home/luke/tmp/simplemap/build/simplemap' returned '2': CMAKE_PREFIX_PATH=/opt/ros/humble WSLENV=ELECTRON_RUN_AS_NODE/w:WT_SESSION:WT_PROFILE_ID: /usr/bin/cmake --build /home/luke/tmp/simplemap/build/simplemap -- -j12 -l12
[14.132s] Level 1:colcon.colcon_core.environment:create_environment_scripts_only(simplemap)
[14.153s] Level 1:colcon.colcon_core.environment:checking '/home/luke/tmp/simplemap/install/simplemap' for CMake module files
[14.154s] Level 1:colcon.colcon_core.environment:checking '/home/luke/tmp/simplemap/install/simplemap' for CMake config files
[14.154s] Level 1:colcon.colcon_core.shell:create_environment_hook('simplemap', 'cmake_prefix_path')
[14.171s] INFO:colcon.colcon_core.shell:Creating environment hook '/home/luke/tmp/simplemap/install/simplemap/share/simplemap/hook/cmake_prefix_path.ps1'
[14.172s] INFO:colcon.colcon_core.shell:Creating environment descriptor '/home/luke/tmp/simplemap/install/simplemap/share/simplemap/hook/cmake_prefix_path.dsv'
[14.173s] INFO:colcon.colcon_core.shell:Creating environment hook '/home/luke/tmp/simplemap/install/simplemap/share/simplemap/hook/cmake_prefix_path.sh'
[14.174s] Level 1:colcon.colcon_core.environment:checking '/home/luke/tmp/simplemap/install/simplemap/bin'
[14.174s] Level 1:colcon.colcon_core.environment:checking '/home/luke/tmp/simplemap/install/simplemap/lib/pkgconfig/simplemap.pc'
[14.174s] Level 1:colcon.colcon_core.environment:checking '/home/luke/tmp/simplemap/install/simplemap/lib/python3.10/site-packages'
[14.175s] Level 1:colcon.colcon_core.environment:checking '/home/luke/tmp/simplemap/install/simplemap/bin'
[14.193s] INFO:colcon.colcon_core.shell:Creating package script '/home/luke/tmp/simplemap/install/simplemap/share/simplemap/package.ps1'
[14.194s] INFO:colcon.colcon_core.shell:Creating package descriptor '/home/luke/tmp/simplemap/install/simplemap/share/simplemap/package.dsv'
[14.195s] INFO:colcon.colcon_core.shell:Creating package script '/home/luke/tmp/simplemap/install/simplemap/share/simplemap/package.sh'
[14.196s] INFO:colcon.colcon_core.shell:Creating package script '/home/luke/tmp/simplemap/install/simplemap/share/simplemap/package.bash'
[14.197s] INFO:colcon.colcon_core.shell:Creating package script '/home/luke/tmp/simplemap/install/simplemap/share/simplemap/package.zsh'
[14.197s] Level 1:colcon.colcon_core.environment:create_file_with_runtime_dependencies(/home/luke/tmp/simplemap/install/simplemap/share/colcon-core/packages/simplemap)
[14.208s] DEBUG:colcon.colcon_parallel_executor.executor.parallel:closing loop
[14.208s] DEBUG:colcon.colcon_parallel_executor.executor.parallel:loop closed
[14.208s] DEBUG:colcon.colcon_parallel_executor.executor.parallel:run_until_complete finished with '2'
[14.209s] DEBUG:colcon.colcon_core.event_reactor:joining thread
[14.329s] INFO:colcon.colcon_core.plugin_system:Skipping extension 'colcon_notification.desktop_notification.notify_send': Could not find 'notify-send'
[14.329s] INFO:colcon.colcon_core.plugin_system:Skipping extension 'colcon_notification.desktop_notification.terminal_notifier': Not used on non-Darwin systems
[14.329s] INFO:colcon.colcon_core.plugin_system:Skipping extension 'colcon_notification.desktop_notification.win32': Not used on non-Windows systems
[14.329s] INFO:colcon.colcon_notification.desktop_notification:Sending desktop notification using 'notify2'
[14.329s] DEBUG:colcon.colcon_notification.desktop_notification.notify2:Failed to initialize notify2: org.freedesktop.DBus.Error.FileNotFound: Failed to connect to socket /run/user/1000/bus: No such file or directory
[14.329s] DEBUG:colcon.colcon_core.event_reactor:joined thread
[14.351s] INFO:colcon.colcon_core.shell:Creating prefix script '/home/luke/tmp/simplemap/install/local_setup.ps1'
[14.353s] INFO:colcon.colcon_core.shell:Creating prefix util module '/home/luke/tmp/simplemap/install/_local_setup_util_ps1.py'
[14.354s] INFO:colcon.colcon_core.shell:Creating prefix chain script '/home/luke/tmp/simplemap/install/setup.ps1'
[14.375s] INFO:colcon.colcon_core.shell:Creating prefix script '/home/luke/tmp/simplemap/install/local_setup.sh'
[14.375s] INFO:colcon.colcon_core.shell:Creating prefix util module '/home/luke/tmp/simplemap/install/_local_setup_util_sh.py'
[14.376s] INFO:colcon.colcon_core.shell:Creating prefix chain script '/home/luke/tmp/simplemap/install/setup.sh'
[14.395s] INFO:colcon.colcon_core.shell:Creating prefix script '/home/luke/tmp/simplemap/install/local_setup.bash'
[14.396s] INFO:colcon.colcon_core.shell:Creating prefix chain script '/home/luke/tmp/simplemap/install/setup.bash'
[14.414s] INFO:colcon.colcon_core.shell:Creating prefix script '/home/luke/tmp/simplemap/install/local_setup.zsh'
[14.415s] INFO:colcon.colcon_core.shell:Creating prefix chain script '/home/luke/tmp/simplemap/install/setup.zsh'
