[0.098s] Invoking command in '/home/luke/tmp/simplemap/build/simplemap': CMAKE_PREFIX_PATH=/opt/ros/humble WSLENV=ELECTRON_RUN_AS_NODE/w:WT_SESSION:WT_PROFILE_ID: /usr/bin/cmake --build /home/luke/tmp/simplemap/build/simplemap -- -j12 -l12
[0.128s] -- Found ament_cmake: 1.3.7 (/opt/ros/humble/share/ament_cmake/cmake)
[0.317s] -- Found rclcpp: 16.0.8 (/opt/ros/humble/share/rclcpp/cmake)
[0.676s] -- Found rosidl_generator_c: 3.1.5 (/opt/ros/humble/share/rosidl_generator_c/cmake)
[0.683s] -- Found rosidl_adapter: 3.1.5 (/opt/ros/humble/share/rosidl_adapter/cmake)
[0.699s] -- Found rosidl_generator_cpp: 3.1.5 (/opt/ros/humble/share/rosidl_generator_cpp/cmake)
[0.727s] -- Using all available rosidl_typesupport_c: rosidl_typesupport_fastrtps_c;rosidl_typesupport_introspection_c
[0.760s] -- Using all available rosidl_typesupport_cpp: rosidl_typesupport_fastrtps_cpp;rosidl_typesupport_introspection_cpp
[0.874s] -- Found rmw_implementation_cmake: 6.1.1 (/opt/ros/humble/share/rmw_implementation_cmake/cmake)
[0.878s] -- Found rmw_fastrtps_cpp: 6.2.6 (/opt/ros/humble/share/rmw_fastrtps_cpp/cmake)
[3.594s] -- Found OpenSSL: /usr/lib/x86_64-linux-gnu/libcrypto.so (found version "3.0.2")  
[6.078s] -- Found FastRTPS: /opt/ros/humble/include  
[11.270s] -- Using RMW implementation 'rmw_fastrtps_cpp' as default
[11.291s] -- Looking for pthread.h
[11.615s] -- Looking for pthread.h - found
[11.615s] -- Performing Test CMAKE_HAVE_LIBC_PTHREAD
[11.866s] -- Performing Test CMAKE_HAVE_LIBC_PTHREAD - Success
[11.867s] -- Found Threads: TRUE  
[12.119s] -- Found nav_msgs: 4.2.3 (/opt/ros/humble/share/nav_msgs/cmake)
[12.320s] -- Found ament_lint_auto: 0.12.10 (/opt/ros/humble/share/ament_lint_auto/cmake)
[12.427s] -- Added test 'cppcheck' to perform static code analysis on C / C++ code
[12.427s] -- Configured cppcheck include dirs: 
[12.427s] -- Configured cppcheck exclude dirs and/or files: 
[12.429s] -- Added test 'flake8' to check Python code syntax and style conventions
[12.434s] -- Added test 'lint_cmake' to check CMake code style
[12.436s] -- Added test 'pep257' to check Python code against some of the docstring style conventions in PEP 257
[12.452s] -- Added test 'uncrustify' to check C / C++ code style
[12.452s] -- Configured uncrustify additional arguments: 
[12.454s] -- Added test 'xmllint' to check XML markup files
[12.455s] -- Configuring done
[12.460s] [31mCMake Error at CMakeLists.txt:18 (add_executable):
[12.460s]   Cannot find source file:
[12.460s] 
[12.460s]     src/simple_map_node.cpp
[12.460s] 
[12.460s]   Tried extensions .c .C .c++ .cc .cpp .cxx .cu .mpp .m .M .mm .ixx .cppm .h
[12.460s]   .hh .h++ .hm .hpp .hxx .in .txx .f .F .for .f77 .f90 .f95 .f03 .hip .ispc
[12.460s] 
[12.460s] [0m
[12.461s] [31mCMake Error at CMakeLists.txt:18 (add_executable):
[12.462s]   No SOURCES given to target: simple_map_node
[12.462s] 
[12.462s] [0m
[12.462s] [0mCMake Generate step failed.  Build files cannot be regenerated correctly.[0m
[12.471s] gmake: *** [Makefile:226: cmake_check_build_system] Error 1
[12.475s] Invoked command in '/home/luke/tmp/simplemap/build/simplemap' returned '2': CMAKE_PREFIX_PATH=/opt/ros/humble WSLENV=ELECTRON_RUN_AS_NODE/w:WT_SESSION:WT_PROFILE_ID: /usr/bin/cmake --build /home/luke/tmp/simplemap/build/simplemap -- -j12 -l12
